<?xml version="1.0" encoding="UTF-8"?>
<!-- Generated by org.testng.reporters.JUnitXMLReporter -->
<testsuite ignored="0" hostname="VijithaVasudev" failures="0" tests="6" name="Test" time="0.095" errors="0" timestamp="2024-06-04T12:58:27 IST">
  <testcase classname="TestNG.TestNGTest" name="test" time="0.011"/>
  <testcase classname="TestNG.TestNGTest01" name="test01" time="0.002"/>
  <testcase classname="TestNG.TestNGTest01" name="test02" time="0.002"/>
  <testcase classname="TestNG.TestNGTest02" name="APILoginHome" time="0.001"/>
  <testcase classname="TestNG.TestNGTest02" name="MobileLoginHome" time="0.001"/>
  <testcase classname="TestNG.TestNGTest02" name="WebLoginHome" time="0.001"/>
</testsuite> <!-- Test -->
