<?xml version="1.0" encoding="UTF-8"?>
<!-- Generated by org.testng.reporters.JUnitXMLReporter -->
<testsuite ignored="1" hostname="VijithaVasudev" failures="0" tests="2" name="Test01" time="0.013" errors="0" timestamp="2024-06-04T12:02:26 IST">
  <testcase classname="TestNG.TestNGTest02" name="LoginAPIHome" time="0.002"/>
  <testcase classname="TestNG.TestNGTest02" name="WebLoginHome" time="0.002"/>
  <testcase classname="TestNG.TestNGTest02" name="MobileLoginHome" time="0.0">
    <ignored/>
  </testcase> <!-- MobileLoginHome -->
</testsuite> <!-- Test01 -->
