<?xml version="1.0" encoding="UTF-8"?>
<testng-results ignored="0" total="1" passed="1" failed="0" skipped="0">
  <reporter-output>
  </reporter-output>
  <suite started-at="2024-06-06T10:57:53 IST" name="Default suite" finished-at="2024-06-06T10:57:53 IST" duration-ms="85">
    <groups>
    </groups>
    <test started-at="2024-06-06T10:57:53 IST" name="Default test" finished-at="2024-06-06T10:57:53 IST" duration-ms="85">
      <class name="TestNG.PS">
        <test-method is-config="true" signature="beforeRun()[pri:0, instance:TestNG.PS@5a45133e]" started-at="2024-06-06T10:57:53 IST" name="beforeRun" finished-at="2024-06-06T10:57:53 IST" duration-ms="12" status="PASS">
          <reporter-output>
          </reporter-output>
        </test-method> <!-- beforeRun -->
        <test-method signature="testRun()[pri:0, instance:TestNG.PS@5a45133e]" started-at="2024-06-06T10:57:53 IST" name="testRun" finished-at="2024-06-06T10:57:53 IST" duration-ms="8" status="PASS">
          <reporter-output>
          </reporter-output>
        </test-method> <!-- testRun -->
        <test-method is-config="true" signature="afterRun()[pri:0, instance:TestNG.PS@5a45133e]" started-at="2024-06-06T10:57:53 IST" name="afterRun" finished-at="2024-06-06T10:57:53 IST" duration-ms="0" status="PASS">
          <reporter-output>
          </reporter-output>
        </test-method> <!-- afterRun -->
      </class> <!-- TestNG.PS -->
    </test> <!-- Default test -->
  </suite> <!-- Default suite -->
</testng-results>
